<?xml version="1.0" encoding="UTF-8"?>
<!-- Generated by org.testng.reporters.JUnitReportReporter -->
<testsuite hostname="sys" name="Email.EmailCommons.SendingEmail" tests="1" failures="0" timestamp="26 May 2017 17:02:12 GMT" time="6.483" errors="0">
  <testcase name="TestMain" time="6.483" classname="Email.EmailCommons.SendingEmail"/>
</testsuite> <!-- Email.EmailCommons.SendingEmail -->
